03.09.2022 - 20:43:27 - [TAB v3.1.4] Something just tried to add player Pham2015609 into team 6-KING (expected team: 07Pham2015609A)
18.09.2022 - 22:57:41 - [TAB v3.1.4] Something just tried to add player Pham2015609 into team 6-KING (expected team: 07Pham2015609A)
22.09.2022 - 16:01:27 - [TAB v3.1.4] Something just tried to add player Pham2015609 into team 7-KING (expected team: 07Pham2015609A)
22.09.2022 - 16:33:57 - [TAB v3.1.4] Something just tried to add player Pham2015609 into team 7-KING (expected team: 07Pham2015609A)
22.09.2022 - 16:42:20 - [TAB v3.1.4] Something just tried to add player Pham2015609 into team 7-KING (expected team: 07Pham2015609A)
22.09.2022 - 17:14:51 - [TAB v3.1.4] Something just tried to add player Pham2015609 into team 7-KING (expected team: 07Pham2015609A)
22.09.2022 - 22:03:42 - [TAB v3.1.4] Something just tried to add player Pham2015609 into team 6-KING (expected team: 07Pham2015609A)
22.09.2022 - 22:13:33 - [TAB v3.1.4] Something just tried to add player Pham2015609 into team 7-KING (expected team: 07Pham2015609A)
22.09.2022 - 22:17:49 - [TAB v3.1.4] Something just tried to add player Pham2015609 into team 7-KING (expected team: 07Pham2015609A)
22.09.2022 - 22:29:46 - [TAB v3.1.4] Something just tried to add player Pham2015609 into team 7-KING (expected team: 07Pham2015609A)
22.09.2022 - 22:42:52 - [TAB v3.1.4] Something just tried to add player Pham2015609 into team 6-KING (expected team: 07Pham2015609A)
27.09.2022 - 20:40:08 - [TAB v3.1.4] Something just tried to add player Pham2015609 into team 6-KING (expected team: 07Pham2015609A)
28.09.2022 - 20:41:45 - [TAB v3.1.4] Something just tried to add player Pham2015609 into team 7-KING (expected team: 07Pham2015609A)
28.09.2022 - 20:50:52 - [TAB v3.1.4] Something just tried to add player Pham2015609 into team 7-KING (expected team: 07Pham2015609A)
28.09.2022 - 21:10:48 - [TAB v3.1.4] Something just tried to add player vanhnoname2 into team 2-Member (expected team: 07vanhnoname2A)
28.09.2022 - 21:15:59 - [TAB v3.1.4] Something just tried to add player Pham2015609 into team 7-KING (expected team: 07Pham2015609A)
28.09.2022 - 21:15:59 - [TAB v3.1.4] Something just tried to add player vanhnoname2 into team 2-Member (expected team: 07vanhnoname2A)
28.09.2022 - 21:17:07 - [TAB v3.1.4] Something just tried to add player Pham2015609 into team 7-KING (expected team: 07Pham2015609A)
28.09.2022 - 21:17:07 - [TAB v3.1.4] Something just tried to add player vanhnoname2 into team 2-Member (expected team: 07vanhnoname2A)
28.09.2022 - 21:18:39 - [TAB v3.1.4] Something just tried to add player Pham2015609 into team 7-KING (expected team: 07Pham2015609A)
28.09.2022 - 21:18:39 - [TAB v3.1.4] Something just tried to add player vanhnoname2 into team 2-Member (expected team: 07vanhnoname2A)
28.09.2022 - 21:26:51 - [TAB v3.1.4] Something just tried to add player Pham2015609 into team 7-KING (expected team: 07Pham2015609A)
28.09.2022 - 21:26:51 - [TAB v3.1.4] Something just tried to add player vanhnoname2 into team 2-Member (expected team: 07vanhnoname2A)
28.09.2022 - 21:28:00 - [TAB v3.1.4] Something just tried to add player Pham2015609 into team 7-KING (expected team: 07Pham2015609A)
28.09.2022 - 21:28:00 - [TAB v3.1.4] Something just tried to add player vanhnoname2 into team 2-Member (expected team: 07vanhnoname2A)
28.09.2022 - 21:29:51 - [TAB v3.1.4] Something just tried to add player Pham2015609 into team 7-KING (expected team: 07Pham2015609A)
28.09.2022 - 21:29:51 - [TAB v3.1.4] Something just tried to add player vanhnoname2 into team 2-Member (expected team: 07vanhnoname2A)
28.09.2022 - 21:30:41 - [TAB v3.1.4] Something just tried to add player Pham2015609 into team 7-KING (expected team: 07Pham2015609A)
28.09.2022 - 21:30:41 - [TAB v3.1.4] Something just tried to add player vanhnoname2 into team 2-Member (expected team: 07vanhnoname2A)
28.09.2022 - 21:33:20 - [TAB v3.1.4] Something just tried to add player Pham2015609 into team 7-KING (expected team: 07Pham2015609A)
28.09.2022 - 21:33:20 - [TAB v3.1.4] Something just tried to add player vanhnoname2 into team 2-Member (expected team: 07vanhnoname2A)
28.09.2022 - 21:34:43 - [TAB v3.1.4] Something just tried to add player Pham2015609 into team 7-KING (expected team: 07Pham2015609A)
28.09.2022 - 21:34:43 - [TAB v3.1.4] Something just tried to add player vanhnoname2 into team 2-Member (expected team: 07vanhnoname2A)
29.09.2022 - 16:39:21 - [TAB v3.1.4] Something just tried to add player Pham2015609 into team 7-KING (expected team: 07Pham2015609A)
29.09.2022 - 17:02:28 - [TAB v3.1.4] Something just tried to add player Pham2015609 into team 7-KING (expected team: 07Pham2015609A)
14.10.2022 - 18:57:28 - [TAB v3.1.4] Something just tried to add player vanhfakereal into team 7-KING (expected team: 07vanhfakerealA)
14.10.2022 - 19:04:56 - [TAB v3.1.4] Something just tried to add player Pham2015609 into team 7-KING (expected team: 07Pham2015609A)
14.10.2022 - 19:05:01 - [TAB v3.1.4] Something just tried to add player vanhfakereal into team 7-KING (expected team: 07vanhfakerealA)
14.10.2022 - 19:05:01 - [TAB v3.1.4] Something just tried to add player Pham2015609 into team 7-KING (expected team: 07Pham2015609A)
14.10.2022 - 19:06:22 - [TAB v3.1.4] Something just tried to add player vanhfakereal into team 7-KING (expected team: 07vanhfakerealA)
14.10.2022 - 19:06:22 - [TAB v3.1.4] Something just tried to add player Pham2015609 into team 7-KING (expected team: 07Pham2015609A)
14.10.2022 - 19:11:08 - [TAB v3.1.4] Something just tried to add player vanhfakereal into team 2-Member (expected team: 07vanhfakerealA)
14.10.2022 - 19:11:08 - [TAB v3.1.4] Something just tried to add player vanhfakereal into team 2-Member (expected team: 07vanhfakerealA)
14.10.2022 - 19:21:40 - [TAB v3.1.4] Something just tried to add player Pham2015609 into team 7-KING (expected team: 07Pham2015609A)
14.10.2022 - 19:21:40 - [TAB v3.1.4] Something just tried to add player vanhfakereal into team 2-Member (expected team: 07vanhfakerealA)
14.10.2022 - 19:22:34 - [TAB v3.1.4] Something just tried to add player Pham2015609 into team 7-KING (expected team: 07Pham2015609A)
14.10.2022 - 19:22:34 - [TAB v3.1.4] Something just tried to add player vanhfakereal into team 2-Member (expected team: 07vanhfakerealA)
14.10.2022 - 19:41:31 - [TAB v3.1.4] Something just tried to add player Pham2015609 into team 7-KING (expected team: 07Pham2015609A)
14.10.2022 - 19:41:31 - [TAB v3.1.4] Something just tried to add player vanhfakereal into team 2-Member (expected team: 07vanhfakerealA)
17.11.2022 - 15:35:40 - [TAB v3.1.4] Something just tried to add player Pham2015609 into team 7-KING (expected team: 07Pham2015609A)
17.11.2022 - 15:42:27 - [TAB v3.1.4] Something just tried to add player Pham2015609 into team 7-KING (expected team: 07Pham2015609A)
17.11.2022 - 15:49:34 - [TAB v3.1.4] Something just tried to add player Pham2015609 into team 6-KING (expected team: 07Pham2015609A)
17.11.2022 - 15:59:34 - [TAB v3.1.4] Something just tried to add player Pham2015609 into team 6-KING (expected team: 07Pham2015609A)
17.11.2022 - 16:06:19 - [TAB v3.1.4] Something just tried to add player Pham2015609 into team 7-KING (expected team: 07Pham2015609A)
17.11.2022 - 16:28:18 - [TAB v3.1.4] Something just tried to add player Pham2015609 into team 2-Member (expected team: 07Pham2015609A)
29.12.2022 - 14:15:38 - [TAB v3.1.4] Something just tried to add player Pham2015609 into team 7-KING (expected team: 07Pham2015609A)
29.12.2022 - 14:33:11 - [TAB v3.1.4] Something just tried to add player Pham2015609 into team 6-KING (expected team: 07Pham2015609A)
05.01.2023 - 14:45:04 - [TAB v3.1.4] Something just tried to add player Pham2015609 into team 6-KING (expected team: 07Pham2015609A)
05.01.2023 - 14:52:54 - [TAB v3.1.4] Something just tried to add player Pham2015609 into team 6-KING (expected team: 07Pham2015609A)
05.01.2023 - 15:13:08 - [TAB v3.1.4] Something just tried to add player Pham2015609 into team 6-KING (expected team: 07Pham2015609A)
05.01.2023 - 15:17:25 - [TAB v3.1.4] Something just tried to add player Pham2015609 into team 6-KING (expected team: 07Pham2015609A)
05.01.2023 - 15:23:21 - [TAB v3.1.4] Something just tried to add player Pham2015609 into team 6-KING (expected team: 07Pham2015609A)
05.01.2023 - 15:28:51 - [TAB v3.1.4] Something just tried to add player Pham2015609 into team 6-KING (expected team: 07Pham2015609A)
05.01.2023 - 15:42:57 - [TAB v3.1.4] Something just tried to add player Pham2015609 into team 7-KING (expected team: 07Pham2015609A)
05.01.2023 - 15:49:23 - [TAB v3.1.4] Something just tried to add player Pham2015609 into team 6-KING (expected team: 07Pham2015609A)
05.01.2023 - 15:57:00 - [TAB v3.1.4] Something just tried to add player Pham2015609 into team 6-KING (expected team: 07Pham2015609A)
05.01.2023 - 21:35:30 - [TAB v3.1.4] Something just tried to add player Pham2015609 into team 6-KING (expected team: 07Pham2015609A)
05.01.2023 - 21:39:39 - [TAB v3.1.4] Something just tried to add player Pham2015609 into team 7-KING (expected team: 07Pham2015609A)
05.01.2023 - 22:02:53 - [TAB v3.1.4] Something just tried to add player Pham2015609 into team 2-Member (expected team: 07Pham2015609A)
05.01.2023 - 22:11:37 - [TAB v3.1.4] Something just tried to add player Pham2015609 into team 2-Member (expected team: 07Pham2015609A)
05.01.2023 - 22:26:10 - [TAB v3.1.4] Something just tried to add player Pham2015609 into team 7-Donator (expected team: 07Pham2015609A)
05.01.2023 - 22:32:06 - [TAB v3.1.4] Something just tried to add player Pham2015609 into team 5-LORD (expected team: 07Pham2015609A)
05.01.2023 - 22:40:41 - [TAB v3.1.4] Something just tried to add player Pham2015609 into team 4-LORD (expected team: 07Pham2015609A)
05.01.2023 - 22:52:13 - [TAB v3.1.4] Something just tried to add player Pham2015609 into team 4-LORD (expected team: 07Pham2015609A)
06.01.2023 - 12:07:19 - [TAB v3.1.4] Something just tried to add player Pham2015609 into team 7-KING (expected team: 07Pham2015609A)
06.01.2023 - 12:33:45 - [TAB v3.1.4] Something just tried to add player Pham2015609 into team 6-KING (expected team: 07Pham2015609A)
06.01.2023 - 12:34:43 - [TAB v3.1.4] Something just tried to add player Pham2015609 into team 7-KING (expected team: 07Pham2015609A)
06.01.2023 - 12:56:47 - [TAB v3.1.4] Something just tried to add player Pham2015609 into team 7-KING (expected team: 07Pham2015609A)
06.01.2023 - 15:35:57 - [TAB v3.1.4] Something just tried to add player Pham2015609 into team 2-Member (expected team: 07Pham2015609A)
06.01.2023 - 15:50:43 - [TAB v3.1.4] Something just tried to add player Pham2015609 into team 2-Member (expected team: 07Pham2015609A)
06.01.2023 - 16:04:38 - [TAB v3.1.4] Something just tried to add player Pham2015609 into team 2-Member (expected team: 07Pham2015609A)
06.01.2023 - 16:15:05 - [TAB v3.1.4] Something just tried to add player Pham2015609 into team 2-Member (expected team: 07Pham2015609A)
06.01.2023 - 16:21:51 - [TAB v3.1.4] Something just tried to add player Pham2015609 into team 2-Member (expected team: 07Pham2015609A)
06.01.2023 - 16:23:43 - [TAB v3.1.4] Something just tried to add player Pham2015609 into team 2-Member (expected team: 07Pham2015609A)
06.01.2023 - 16:27:41 - [TAB v3.1.4] Something just tried to add player Pham2015609 into team 2-Member (expected team: 07Pham2015609A)
06.01.2023 - 16:34:52 - [TAB v3.1.4] Something just tried to add player Pham2015609 into team 2-Member (expected team: 07Pham2015609A)
06.01.2023 - 17:05:23 - [TAB v3.1.4] Something just tried to add player Pham2015609 into team 2-Member (expected team: 07Pham2015609A)
06.01.2023 - 17:10:45 - [TAB v3.1.4] Something just tried to add player Pham2015609 into team 2-Member (expected team: 07Pham2015609A)
06.01.2023 - 18:24:20 - [TAB v3.1.4] Something just tried to add player Pham2015609 into team 2-Member (expected team: 07Pham2015609A)
06.01.2023 - 18:33:59 - [TAB v3.1.4] Something just tried to add player Pham2015609 into team 2-Member (expected team: 07Pham2015609A)
06.01.2023 - 20:13:29 - [TAB v3.1.4] Something just tried to add player Pham2015609 into team 6-KING (expected team: 07Pham2015609A)
06.01.2023 - 20:31:58 - [TAB v3.1.4] Something just tried to add player Pham2015609 into team 7-KING (expected team: 07Pham2015609A)
06.01.2023 - 21:26:35 - [TAB v3.1.4] Something just tried to add player Pham2015609 into team 6-KING (expected team: 07Pham2015609A)
06.01.2023 - 22:15:25 - [TAB v3.1.4] Something just tried to add player Pham2015609 into team 6-KING (expected team: 07Pham2015609A)
07.01.2023 - 15:27:04 - [TAB v3.1.4] Something just tried to add player Pham2015609 into team 6-KING (expected team: 07Pham2015609A)
07.01.2023 - 15:45:15 - [TAB v3.1.4] Something just tried to add player Pham2015609 into team 7-KING (expected team: 07Pham2015609A)
07.01.2023 - 16:04:33 - [TAB v3.1.4] Something just tried to add player vanhfakereal into team 2-Member (expected team: 07vanhfakerealA)
07.01.2023 - 16:06:43 - [TAB v3.1.4] Something just tried to add player Pham2015609 into team 7-KING (expected team: 07Pham2015609A)
07.01.2023 - 16:06:50 - [TAB v3.1.4] Something just tried to add player vanhfakereal into team 2-Member (expected team: 07vanhfakerealA)
07.01.2023 - 16:10:17 - [TAB v3.1.4] Something just tried to add player Pham2015609 into team 7-KING (expected team: 07Pham2015609A)
07.01.2023 - 16:10:17 - [TAB v3.1.4] Something just tried to add player vanhfakereal into team 2-Member (expected team: 07vanhfakerealA)
07.01.2023 - 22:25:15 - [TAB v3.1.4] Something just tried to add player vanhfakereal into team 6-KING (expected team: 07vanhfakerealA)
07.01.2023 - 22:33:12 - [TAB v3.1.4] Something just tried to add player Pham2015609 into team 6-KING (expected team: 07Pham2015609A)
07.01.2023 - 23:51:23 - [TAB v3.1.4] Something just tried to add player Pham2015609 into team 7-KING (expected team: 07Pham2015609A)
08.01.2023 - 13:36:20 - [TAB v3.1.4] Something just tried to add player Pham2015609 into team 7-KING (expected team: 07Pham2015609A)
08.01.2023 - 13:52:09 - [TAB v3.1.4] Something just tried to add player Pham2015609 into team 7-KING (expected team: 07Pham2015609A)
08.01.2023 - 16:55:21 - [TAB v3.1.4] Something just tried to add player Pham2015609 into team 7-KING (expected team: 07Pham2015609A)
08.01.2023 - 22:25:58 - [TAB v3.1.4] Something just tried to add player vanhfakereal into team 7-KING (expected team: 07vanhfakerealA)
23.01.2023 - 11:31:53 - [TAB v3.1.4] Something just tried to add player Pham2015609 into team 7-KING (expected team: 07Pham2015609A)
23.01.2023 - 13:38:41 - [TAB v3.1.4] Something just tried to add player vanhfakereal into team 7-KING (expected team: 07vanhfakerealA)
23.01.2023 - 13:47:34 - [TAB v3.1.4] Something just tried to add player Pham2015609 into team 7-KING (expected team: 07Pham2015609A)
23.01.2023 - 14:34:15 - [TAB v3.1.4] Something just tried to add player Pham2015609 into team 6-KING (expected team: 07Pham2015609A)
23.01.2023 - 14:42:31 - [TAB v3.1.4] Something just tried to add player Pham2015609 into team 7-KING (expected team: 07Pham2015609A)
23.01.2023 - 14:49:26 - [TAB v3.1.4] Something just tried to add player Pham2015609 into team 7-KING (expected team: 07Pham2015609A)
27.01.2023 - 14:10:07 - [TAB v3.1.4] Something just tried to add player Pham2015609 into team 6-KING (expected team: 07Pham2015609A)
16.02.2023 - 14:34:03 - [TAB v3.1.4] Something just tried to add player Pham2015609 into team 6-KING (expected team: 07Pham2015609A)
16.02.2023 - 14:39:12 - [TAB v3.1.4] Something just tried to add player Pham2015609 into team 7-KING (expected team: 07Pham2015609A)
16.02.2023 - 14:44:32 - [TAB v3.1.4] Something just tried to add player Pham2015609 into team 7-KING (expected team: 07Pham2015609A)
17.02.2023 - 17:55:12 - [TAB v3.1.4] Something just tried to add player Pham2015609 into team 6-KING (expected team: 07Pham2015609A)
17.02.2023 - 18:05:10 - [TAB v3.1.4] Something just tried to add player vanhfakereal into team 6-KING (expected team: 07vanhfakerealA)
17.02.2023 - 18:06:46 - [TAB v3.1.4] Something just tried to add player Pham2015609 into team 6-KING (expected team: 07Pham2015609A)
17.02.2023 - 18:16:56 - [TAB v3.1.4] Something just tried to add player vanhfakereal into team 6-KING (expected team: 07vanhfakerealA)
17.02.2023 - 18:16:56 - [TAB v3.1.4] Something just tried to add player Pham2015609 into team 6-KING (expected team: 07Pham2015609A)
17.02.2023 - 18:18:49 - [TAB v3.1.4] Something just tried to add player vanhfakereal into team 6-KING (expected team: 07vanhfakerealA)
17.02.2023 - 18:18:49 - [TAB v3.1.4] Something just tried to add player Pham2015609 into team 6-KING (expected team: 07Pham2015609A)
17.02.2023 - 18:24:10 - [TAB v3.1.4] Something just tried to add player vanhfakereal into team 6-KING (expected team: 07vanhfakerealA)
17.02.2023 - 18:24:10 - [TAB v3.1.4] Something just tried to add player Pham2015609 into team 6-KING (expected team: 07Pham2015609A)
17.02.2023 - 18:25:12 - [TAB v3.1.4] Something just tried to add player vanhfakereal into team 6-KING (expected team: 07vanhfakerealA)
17.02.2023 - 18:25:12 - [TAB v3.1.4] Something just tried to add player Pham2015609 into team 6-KING (expected team: 07Pham2015609A)
17.02.2023 - 18:26:04 - [TAB v3.1.4] Something just tried to add player vanhfakereal into team 6-KING (expected team: 07vanhfakerealA)
17.02.2023 - 18:26:04 - [TAB v3.1.4] Something just tried to add player Pham2015609 into team 6-KING (expected team: 07Pham2015609A)
02.03.2023 - 16:53:51 - [TAB v3.1.4] Something just tried to add player vanhfakereal into team 7-KING (expected team: 07vanhfakerealA)
02.03.2023 - 16:56:55 - [TAB v3.1.4] Something just tried to add player Pham2015609 into team 7-KING (expected team: 07Pham2015609A)
02.03.2023 - 17:02:52 - [TAB v3.1.4] Something just tried to add player vanhfakereal into team 7-KING (expected team: 07vanhfakerealA)
02.03.2023 - 17:02:52 - [TAB v3.1.4] Something just tried to add player Pham2015609 into team 7-KING (expected team: 07Pham2015609A)
07.06.2023 - 16:48:39 - [TAB v3.1.4] Something just tried to add player Pham2015609 into team 7-KING (expected team: 07Pham2015609A)
16.06.2023 - 13:46:34 - [TAB v3.1.4] Something just tried to add player Pham2015609 into team 6-KING (expected team: 07Pham2015609A)
16.06.2023 - 14:40:39 - [TAB v3.1.4] Something just tried to add player Pham2015609 into team 7-KING (expected team: 07Pham2015609A)
02.07.2023 - 14:59:35 - [TAB v3.1.4] Something just tried to add player Pham2015609 into team 7-KING (expected team: 07Pham2015609A)
