[06-07 16:01:11]: [INFO] Created column 'regdate' and set the current timestamp, 1686128471636, to all 0 rows
[06-07 16:01:11]: [INFO] SQLite Setup finished
[06-07 16:01:11]: [INFO] Hooked into LuckPerms!
[06-07 16:01:12]: [INFO] AuthMe 5.6.0-SNAPSHOT build n.CUSTOM successfully enabled!
[06-07 16:01:16]: [INFO] Hooked successfully into Essentials
[06-07 16:01:28]: [INFO] Downloading GEO IP database, because the old database is older than 30 days or doesn't exist
[06-07 16:01:28]: [WARN] No MaxMind credentials found in the configuration file! GeoIp protections will be disabled.
[06-07 16:01:28]: [INFO] There is no newer GEO IP database uploaded to MaxMind. Using the old one for now.
[06-07 16:01:28]: [WARN] Could not download GeoLiteAPI database [FileNotFoundException]: plugins\AuthMe\GeoLite2-Country.mmdb (The system cannot find the file specified)
[06-07 16:01:28]: java.io.FileNotFoundException: plugins\AuthMe\GeoLite2-Country.mmdb (The system cannot find the file specified)
	at java.base/java.io.RandomAccessFile.open0(Native Method)
	at java.base/java.io.RandomAccessFile.open(RandomAccessFile.java:344)
	at java.base/java.io.RandomAccessFile.<init>(RandomAccessFile.java:259)
	at java.base/java.io.RandomAccessFile.<init>(RandomAccessFile.java:213)
	at fr.xephi.authme.libs.com.maxmind.db.BufferHolder.<init>(BufferHolder.java:20)
	at fr.xephi.authme.libs.com.maxmind.db.Reader.<init>(Reader.java:121)
	at fr.xephi.authme.service.GeoIpService.startReading(GeoIpService.java:173)
	at fr.xephi.authme.service.GeoIpService.updateDatabase(GeoIpService.java:144)
	at org.bukkit.craftbukkit.v1_18_R1.scheduler.CraftTask.run(CraftTask.java:82)
	at org.bukkit.craftbukkit.v1_18_R1.scheduler.CraftAsyncTask.run(CraftAsyncTask.java:54)
	at java.base/java.util.concurrent.ThreadPoolExecutor.runWorker(ThreadPoolExecutor.java:1136)
	at java.base/java.util.concurrent.ThreadPoolExecutor$Worker.run(ThreadPoolExecutor.java:635)
	at java.base/java.lang.Thread.run(Thread.java:833)

[06-07 16:08:46]: [INFO] Essentials has been disabled: unhooking
[06-07 16:08:47]: [INFO] AuthMe 5.6.0-SNAPSHOT-bCUSTOM disabled!
[06-07 16:16:30]: [INFO] SQLite Setup finished
[06-07 16:16:30]: [INFO] Hooked into LuckPerms!
[06-07 16:16:30]: [INFO] AuthMe 5.6.0-SNAPSHOT build n.CUSTOM successfully enabled!
[06-07 16:16:35]: [INFO] Hooked successfully into Essentials
[06-07 16:16:47]: [INFO] Downloading GEO IP database, because the old database is older than 30 days or doesn't exist
[06-07 16:16:47]: [WARN] No MaxMind credentials found in the configuration file! GeoIp protections will be disabled.
[06-07 16:16:47]: [INFO] There is no newer GEO IP database uploaded to MaxMind. Using the old one for now.
[06-07 16:16:47]: [WARN] Could not download GeoLiteAPI database [FileNotFoundException]: plugins\AuthMe\GeoLite2-Country.mmdb (The system cannot find the file specified)
[06-07 16:16:47]: java.io.FileNotFoundException: plugins\AuthMe\GeoLite2-Country.mmdb (The system cannot find the file specified)
	at java.base/java.io.RandomAccessFile.open0(Native Method)
	at java.base/java.io.RandomAccessFile.open(RandomAccessFile.java:344)
	at java.base/java.io.RandomAccessFile.<init>(RandomAccessFile.java:259)
	at java.base/java.io.RandomAccessFile.<init>(RandomAccessFile.java:213)
	at fr.xephi.authme.libs.com.maxmind.db.BufferHolder.<init>(BufferHolder.java:20)
	at fr.xephi.authme.libs.com.maxmind.db.Reader.<init>(Reader.java:121)
	at fr.xephi.authme.service.GeoIpService.startReading(GeoIpService.java:173)
	at fr.xephi.authme.service.GeoIpService.updateDatabase(GeoIpService.java:144)
	at org.bukkit.craftbukkit.v1_18_R1.scheduler.CraftTask.run(CraftTask.java:82)
	at org.bukkit.craftbukkit.v1_18_R1.scheduler.CraftAsyncTask.run(CraftAsyncTask.java:54)
	at java.base/java.util.concurrent.ThreadPoolExecutor.runWorker(ThreadPoolExecutor.java:1136)
	at java.base/java.util.concurrent.ThreadPoolExecutor$Worker.run(ThreadPoolExecutor.java:635)
	at java.base/java.lang.Thread.run(Thread.java:833)

[06-07 16:45:48]: [INFO] Essentials has been disabled: unhooking
[06-07 16:45:49]: [INFO] AuthMe 5.6.0-SNAPSHOT-bCUSTOM disabled!
[06-07 16:46:23]: [INFO] SQLite Setup finished
[06-07 16:46:23]: [INFO] Hooked into LuckPerms!
[06-07 16:46:24]: [INFO] AuthMe 5.6.0-SNAPSHOT build n.CUSTOM successfully enabled!
[06-07 16:46:26]: [INFO] Hooked successfully into Essentials
[06-07 16:46:37]: [INFO] Downloading GEO IP database, because the old database is older than 30 days or doesn't exist
[06-07 16:46:37]: [WARN] No MaxMind credentials found in the configuration file! GeoIp protections will be disabled.
[06-07 16:46:37]: [INFO] There is no newer GEO IP database uploaded to MaxMind. Using the old one for now.
[06-07 16:46:37]: [WARN] Could not download GeoLiteAPI database [FileNotFoundException]: plugins\AuthMe\GeoLite2-Country.mmdb (The system cannot find the file specified)
[06-07 16:46:37]: java.io.FileNotFoundException: plugins\AuthMe\GeoLite2-Country.mmdb (The system cannot find the file specified)
	at java.base/java.io.RandomAccessFile.open0(Native Method)
	at java.base/java.io.RandomAccessFile.open(RandomAccessFile.java:344)
	at java.base/java.io.RandomAccessFile.<init>(RandomAccessFile.java:259)
	at java.base/java.io.RandomAccessFile.<init>(RandomAccessFile.java:213)
	at fr.xephi.authme.libs.com.maxmind.db.BufferHolder.<init>(BufferHolder.java:20)
	at fr.xephi.authme.libs.com.maxmind.db.Reader.<init>(Reader.java:121)
	at fr.xephi.authme.service.GeoIpService.startReading(GeoIpService.java:173)
	at fr.xephi.authme.service.GeoIpService.updateDatabase(GeoIpService.java:144)
	at org.bukkit.craftbukkit.v1_18_R1.scheduler.CraftTask.run(CraftTask.java:82)
	at org.bukkit.craftbukkit.v1_18_R1.scheduler.CraftAsyncTask.run(CraftAsyncTask.java:54)
	at java.base/java.util.concurrent.ThreadPoolExecutor.runWorker(ThreadPoolExecutor.java:1136)
	at java.base/java.util.concurrent.ThreadPoolExecutor$Worker.run(ThreadPoolExecutor.java:635)
	at java.base/java.lang.Thread.run(Thread.java:833)

[06-07 16:47:35]: [INFO] Essentials has been disabled: unhooking
[06-07 16:47:36]: [INFO] AuthMe 5.6.0-SNAPSHOT-bCUSTOM disabled!
[06-07 16:48:00]: [INFO] SQLite Setup finished
[06-07 16:48:00]: [INFO] Hooked into LuckPerms!
[06-07 16:48:01]: [INFO] AuthMe 5.6.0-SNAPSHOT build n.CUSTOM successfully enabled!
[06-07 16:48:03]: [INFO] Hooked successfully into Essentials
[06-07 16:48:18]: [INFO] Downloading GEO IP database, because the old database is older than 30 days or doesn't exist
[06-07 16:48:18]: [WARN] No MaxMind credentials found in the configuration file! GeoIp protections will be disabled.
[06-07 16:48:18]: [INFO] There is no newer GEO IP database uploaded to MaxMind. Using the old one for now.
[06-07 16:48:18]: [WARN] Could not download GeoLiteAPI database [FileNotFoundException]: plugins\AuthMe\GeoLite2-Country.mmdb (The system cannot find the file specified)
[06-07 16:48:18]: java.io.FileNotFoundException: plugins\AuthMe\GeoLite2-Country.mmdb (The system cannot find the file specified)
	at java.base/java.io.RandomAccessFile.open0(Native Method)
	at java.base/java.io.RandomAccessFile.open(RandomAccessFile.java:344)
	at java.base/java.io.RandomAccessFile.<init>(RandomAccessFile.java:259)
	at java.base/java.io.RandomAccessFile.<init>(RandomAccessFile.java:213)
	at fr.xephi.authme.libs.com.maxmind.db.BufferHolder.<init>(BufferHolder.java:20)
	at fr.xephi.authme.libs.com.maxmind.db.Reader.<init>(Reader.java:121)
	at fr.xephi.authme.service.GeoIpService.startReading(GeoIpService.java:173)
	at fr.xephi.authme.service.GeoIpService.updateDatabase(GeoIpService.java:144)
	at org.bukkit.craftbukkit.v1_18_R1.scheduler.CraftTask.run(CraftTask.java:82)
	at org.bukkit.craftbukkit.v1_18_R1.scheduler.CraftAsyncTask.run(CraftAsyncTask.java:54)
	at java.base/java.util.concurrent.ThreadPoolExecutor.runWorker(ThreadPoolExecutor.java:1136)
	at java.base/java.util.concurrent.ThreadPoolExecutor$Worker.run(ThreadPoolExecutor.java:635)
	at java.base/java.lang.Thread.run(Thread.java:833)

[06-07 16:49:03]: [FINE] Pham2015609 registered 127.0.0.1
[06-07 16:49:03]: [FINE] Pham2015609 logged in 127.0.0.1
[06-07 17:02:01]: [INFO] Essentials has been disabled: unhooking
[06-07 17:02:01]: [INFO] AuthMe 5.6.0-SNAPSHOT-bCUSTOM disabled!
[06-16 13:44:36]: [INFO] SQLite Setup finished
[06-16 13:44:36]: [INFO] Hooked into LuckPerms!
[06-16 13:44:38]: [INFO] AuthMe 5.6.0-SNAPSHOT build n.CUSTOM successfully enabled!
[06-16 13:44:44]: [INFO] Hooked successfully into Essentials
[06-16 13:45:01]: [INFO] Downloading GEO IP database, because the old database is older than 30 days or doesn't exist
[06-16 13:45:01]: [WARN] No MaxMind credentials found in the configuration file! GeoIp protections will be disabled.
[06-16 13:45:01]: [INFO] There is no newer GEO IP database uploaded to MaxMind. Using the old one for now.
[06-16 13:45:01]: [WARN] Could not download GeoLiteAPI database [FileNotFoundException]: plugins\AuthMe\GeoLite2-Country.mmdb (The system cannot find the file specified)
[06-16 13:45:01]: java.io.FileNotFoundException: plugins\AuthMe\GeoLite2-Country.mmdb (The system cannot find the file specified)
	at java.base/java.io.RandomAccessFile.open0(Native Method)
	at java.base/java.io.RandomAccessFile.open(RandomAccessFile.java:344)
	at java.base/java.io.RandomAccessFile.<init>(RandomAccessFile.java:259)
	at java.base/java.io.RandomAccessFile.<init>(RandomAccessFile.java:213)
	at fr.xephi.authme.libs.com.maxmind.db.BufferHolder.<init>(BufferHolder.java:20)
	at fr.xephi.authme.libs.com.maxmind.db.Reader.<init>(Reader.java:121)
	at fr.xephi.authme.service.GeoIpService.startReading(GeoIpService.java:173)
	at fr.xephi.authme.service.GeoIpService.updateDatabase(GeoIpService.java:144)
	at org.bukkit.craftbukkit.v1_18_R1.scheduler.CraftTask.run(CraftTask.java:82)
	at org.bukkit.craftbukkit.v1_18_R1.scheduler.CraftAsyncTask.run(CraftAsyncTask.java:54)
	at java.base/java.util.concurrent.ThreadPoolExecutor.runWorker(ThreadPoolExecutor.java:1136)
	at java.base/java.util.concurrent.ThreadPoolExecutor$Worker.run(ThreadPoolExecutor.java:635)
	at java.base/java.lang.Thread.run(Thread.java:833)

[06-16 13:46:42]: [FINE] Pham2015609 logged in 127.0.0.1
[06-16 14:37:44]: [INFO] Essentials has been disabled: unhooking
[06-16 14:37:45]: [INFO] AuthMe 5.6.0-SNAPSHOT-bCUSTOM disabled!
[06-16 14:38:31]: [INFO] SQLite Setup finished
[06-16 14:38:31]: [INFO] Hooked into LuckPerms!
[06-16 14:38:31]: [INFO] AuthMe 5.6.0-SNAPSHOT build n.CUSTOM successfully enabled!
[06-16 14:38:36]: [INFO] Hooked successfully into Essentials
[06-16 14:39:01]: [INFO] Downloading GEO IP database, because the old database is older than 30 days or doesn't exist
[06-16 14:39:01]: [WARN] No MaxMind credentials found in the configuration file! GeoIp protections will be disabled.
[06-16 14:39:01]: [INFO] There is no newer GEO IP database uploaded to MaxMind. Using the old one for now.
[06-16 14:39:01]: [WARN] Could not download GeoLiteAPI database [FileNotFoundException]: plugins\AuthMe\GeoLite2-Country.mmdb (The system cannot find the file specified)
[06-16 14:39:01]: java.io.FileNotFoundException: plugins\AuthMe\GeoLite2-Country.mmdb (The system cannot find the file specified)
	at java.base/java.io.RandomAccessFile.open0(Native Method)
	at java.base/java.io.RandomAccessFile.open(RandomAccessFile.java:344)
	at java.base/java.io.RandomAccessFile.<init>(RandomAccessFile.java:259)
	at java.base/java.io.RandomAccessFile.<init>(RandomAccessFile.java:213)
	at fr.xephi.authme.libs.com.maxmind.db.BufferHolder.<init>(BufferHolder.java:20)
	at fr.xephi.authme.libs.com.maxmind.db.Reader.<init>(Reader.java:121)
	at fr.xephi.authme.service.GeoIpService.startReading(GeoIpService.java:173)
	at fr.xephi.authme.service.GeoIpService.updateDatabase(GeoIpService.java:144)
	at org.bukkit.craftbukkit.v1_18_R1.scheduler.CraftTask.run(CraftTask.java:82)
	at org.bukkit.craftbukkit.v1_18_R1.scheduler.CraftAsyncTask.run(CraftAsyncTask.java:54)
	at java.base/java.util.concurrent.ThreadPoolExecutor.runWorker(ThreadPoolExecutor.java:1136)
	at java.base/java.util.concurrent.ThreadPoolExecutor$Worker.run(ThreadPoolExecutor.java:635)
	at java.base/java.lang.Thread.run(Thread.java:833)

[06-16 14:40:47]: [FINE] Pham2015609 logged in 127.0.0.1
[07-02 14:45:32]: [INFO] SQLite Setup finished
[07-02 14:45:33]: [INFO] Hooked into LuckPerms!
[07-02 14:45:33]: [INFO] AuthMe 5.6.0-SNAPSHOT build n.CUSTOM successfully enabled!
[07-02 14:45:36]: [INFO] Hooked successfully into Essentials
[07-02 14:45:45]: [INFO] Downloading GEO IP database, because the old database is older than 30 days or doesn't exist
[07-02 14:45:45]: [WARN] No MaxMind credentials found in the configuration file! GeoIp protections will be disabled.
[07-02 14:45:45]: [INFO] There is no newer GEO IP database uploaded to MaxMind. Using the old one for now.
[07-02 14:45:45]: [WARN] Could not download GeoLiteAPI database [FileNotFoundException]: plugins\AuthMe\GeoLite2-Country.mmdb (The system cannot find the file specified)
[07-02 14:45:45]: java.io.FileNotFoundException: plugins\AuthMe\GeoLite2-Country.mmdb (The system cannot find the file specified)
	at java.base/java.io.RandomAccessFile.open0(Native Method)
	at java.base/java.io.RandomAccessFile.open(RandomAccessFile.java:344)
	at java.base/java.io.RandomAccessFile.<init>(RandomAccessFile.java:259)
	at java.base/java.io.RandomAccessFile.<init>(RandomAccessFile.java:213)
	at fr.xephi.authme.libs.com.maxmind.db.BufferHolder.<init>(BufferHolder.java:20)
	at fr.xephi.authme.libs.com.maxmind.db.Reader.<init>(Reader.java:121)
	at fr.xephi.authme.service.GeoIpService.startReading(GeoIpService.java:173)
	at fr.xephi.authme.service.GeoIpService.updateDatabase(GeoIpService.java:144)
	at org.bukkit.craftbukkit.v1_18_R1.scheduler.CraftTask.run(CraftTask.java:82)
	at org.bukkit.craftbukkit.v1_18_R1.scheduler.CraftAsyncTask.run(CraftAsyncTask.java:54)
	at java.base/java.util.concurrent.ThreadPoolExecutor.runWorker(ThreadPoolExecutor.java:1136)
	at java.base/java.util.concurrent.ThreadPoolExecutor$Worker.run(ThreadPoolExecutor.java:635)
	at java.base/java.lang.Thread.run(Thread.java:833)

[07-02 14:59:40]: [FINE] Pham2015609 logged in 127.0.0.1
[07-28 20:49:23]: [INFO] SQLite Setup finished
[07-28 20:49:23]: [INFO] Hooked into LuckPerms!
[07-28 20:49:23]: [INFO] AuthMe 5.6.0-SNAPSHOT build n.CUSTOM successfully enabled!
[07-28 20:49:26]: [INFO] Hooked successfully into Essentials
[07-28 20:49:34]: [INFO] Downloading GEO IP database, because the old database is older than 30 days or doesn't exist
[07-28 20:49:34]: [WARN] No MaxMind credentials found in the configuration file! GeoIp protections will be disabled.
[07-28 20:49:34]: [INFO] There is no newer GEO IP database uploaded to MaxMind. Using the old one for now.
[07-28 20:49:34]: [WARN] Could not download GeoLiteAPI database [FileNotFoundException]: plugins\AuthMe\GeoLite2-Country.mmdb (The system cannot find the file specified)
[07-28 20:49:34]: java.io.FileNotFoundException: plugins\AuthMe\GeoLite2-Country.mmdb (The system cannot find the file specified)
	at java.base/java.io.RandomAccessFile.open0(Native Method)
	at java.base/java.io.RandomAccessFile.open(RandomAccessFile.java:344)
	at java.base/java.io.RandomAccessFile.<init>(RandomAccessFile.java:259)
	at java.base/java.io.RandomAccessFile.<init>(RandomAccessFile.java:213)
	at fr.xephi.authme.libs.com.maxmind.db.BufferHolder.<init>(BufferHolder.java:20)
	at fr.xephi.authme.libs.com.maxmind.db.Reader.<init>(Reader.java:121)
	at fr.xephi.authme.service.GeoIpService.startReading(GeoIpService.java:173)
	at fr.xephi.authme.service.GeoIpService.updateDatabase(GeoIpService.java:144)
	at org.bukkit.craftbukkit.v1_18_R1.scheduler.CraftTask.run(CraftTask.java:82)
	at org.bukkit.craftbukkit.v1_18_R1.scheduler.CraftAsyncTask.run(CraftAsyncTask.java:54)
	at java.base/java.util.concurrent.ThreadPoolExecutor.runWorker(ThreadPoolExecutor.java:1136)
	at java.base/java.util.concurrent.ThreadPoolExecutor$Worker.run(ThreadPoolExecutor.java:635)
	at java.base/java.lang.Thread.run(Thread.java:833)

[07-29 01:02:41]: [INFO] SQLite Setup finished
[07-29 01:02:41]: [INFO] Hooked into LuckPerms!
[07-29 01:02:42]: [INFO] AuthMe 5.6.0-SNAPSHOT build n.CUSTOM successfully enabled!
[07-29 01:02:45]: [INFO] Hooked successfully into Essentials
[07-29 01:03:02]: [INFO] Downloading GEO IP database, because the old database is older than 30 days or doesn't exist
[07-29 01:03:02]: [WARN] No MaxMind credentials found in the configuration file! GeoIp protections will be disabled.
[07-29 01:03:02]: [INFO] There is no newer GEO IP database uploaded to MaxMind. Using the old one for now.
[07-29 01:03:02]: [WARN] Could not download GeoLiteAPI database [FileNotFoundException]: plugins\AuthMe\GeoLite2-Country.mmdb (The system cannot find the file specified)
[07-29 01:03:02]: java.io.FileNotFoundException: plugins\AuthMe\GeoLite2-Country.mmdb (The system cannot find the file specified)
	at java.base/java.io.RandomAccessFile.open0(Native Method)
	at java.base/java.io.RandomAccessFile.open(RandomAccessFile.java:344)
	at java.base/java.io.RandomAccessFile.<init>(RandomAccessFile.java:259)
	at java.base/java.io.RandomAccessFile.<init>(RandomAccessFile.java:213)
	at fr.xephi.authme.libs.com.maxmind.db.BufferHolder.<init>(BufferHolder.java:20)
	at fr.xephi.authme.libs.com.maxmind.db.Reader.<init>(Reader.java:121)
	at fr.xephi.authme.service.GeoIpService.startReading(GeoIpService.java:173)
	at fr.xephi.authme.service.GeoIpService.updateDatabase(GeoIpService.java:144)
	at org.bukkit.craftbukkit.v1_18_R1.scheduler.CraftTask.run(CraftTask.java:82)
	at org.bukkit.craftbukkit.v1_18_R1.scheduler.CraftAsyncTask.run(CraftAsyncTask.java:54)
	at java.base/java.util.concurrent.ThreadPoolExecutor.runWorker(ThreadPoolExecutor.java:1136)
	at java.base/java.util.concurrent.ThreadPoolExecutor$Worker.run(ThreadPoolExecutor.java:635)
	at java.base/java.lang.Thread.run(Thread.java:833)

